nohup: ignoring input

  .   ____          _            __ _ _
 /\\ / ___'_ __ _ _(_)_ __  __ _ \ \ \ \
( ( )\___ | '_ | '_| | '_ \/ _` | \ \ \ \
 \\/  ___)| |_)| | | | | || (_| |  ) ) ) )
  '  |____| .__|_| |_|_| |_\__, | / / / /
 =========|_|==============|___/=/_/_/_/

 :: Spring Boot ::                (v3.4.1)

2026-06-01T20:40:10.335Z  INFO 21497 --- [asignaturas] [           main] c.d.asignaturas.AsignaturasApplication   : Starting AsignaturasApplication v0.0.1-SNAPSHOT using Java 21.0.11 with PID 21497 (/home/ubuntu/proyecto/asignaturas/target/asignaturas-0.0.1-SNAPSHOT.jar started by ubuntu in /home/ubuntu/proyecto/asignaturas)
2026-06-01T20:40:10.345Z  INFO 21497 --- [asignaturas] [           main] c.d.asignaturas.AsignaturasApplication   : No active profile set, falling back to 1 default profile: "default"
2026-06-01T20:40:13.027Z  INFO 21497 --- [asignaturas] [           main] .s.d.r.c.RepositoryConfigurationDelegate : Bootstrapping Spring Data JPA repositories in DEFAULT mode.
2026-06-01T20:40:13.121Z  INFO 21497 --- [asignaturas] [           main] .s.d.r.c.RepositoryConfigurationDelegate : Finished Spring Data repository scanning in 79 ms. Found 1 JPA repository interface.
2026-06-01T20:40:13.531Z  INFO 21497 --- [asignaturas] [           main] o.s.cloud.context.scope.GenericScope     : BeanFactory id=207e626b-2801-31a4-aef4-d933fefd8d7e
2026-06-01T20:40:14.373Z  INFO 21497 --- [asignaturas] [           main] o.s.b.w.embedded.tomcat.TomcatWebServer  : Tomcat initialized with port 8080 (http)
2026-06-01T20:40:14.409Z  INFO 21497 --- [asignaturas] [           main] o.apache.catalina.core.StandardService   : Starting service [Tomcat]
2026-06-01T20:40:14.410Z  INFO 21497 --- [asignaturas] [           main] o.apache.catalina.core.StandardEngine    : Starting Servlet engine: [Apache Tomcat/10.1.34]
2026-06-01T20:40:14.472Z  INFO 21497 --- [asignaturas] [           main] o.a.c.c.C.[Tomcat].[localhost].[/]       : Initializing Spring embedded WebApplicationContext
2026-06-01T20:40:14.474Z  INFO 21497 --- [asignaturas] [           main] w.s.c.ServletWebServerApplicationContext : Root WebApplicationContext: initialization completed in 3880 ms
2026-06-01T20:40:14.820Z  INFO 21497 --- [asignaturas] [           main] o.hibernate.jpa.internal.util.LogHelper  : HHH000204: Processing PersistenceUnitInfo [name: default]
2026-06-01T20:40:14.970Z  INFO 21497 --- [asignaturas] [           main] org.hibernate.Version                    : HHH000412: Hibernate ORM core version 6.6.4.Final
2026-06-01T20:40:15.123Z  INFO 21497 --- [asignaturas] [           main] o.h.c.internal.RegionFactoryInitiator    : HHH000026: Second-level cache disabled
2026-06-01T20:40:15.834Z  INFO 21497 --- [asignaturas] [           main] o.s.o.j.p.SpringPersistenceUnitInfo      : No LoadTimeWeaver setup: ignoring JPA class transformer
2026-06-01T20:40:15.902Z  INFO 21497 --- [asignaturas] [           main] com.zaxxer.hikari.HikariDataSource       : HikariPool-1 - Starting...
2026-06-01T20:40:16.667Z  INFO 21497 --- [asignaturas] [           main] com.zaxxer.hikari.pool.HikariPool        : HikariPool-1 - Added connection com.mysql.cj.jdbc.ConnectionImpl@362a6aa5
2026-06-01T20:40:16.672Z  INFO 21497 --- [asignaturas] [           main] com.zaxxer.hikari.HikariDataSource       : HikariPool-1 - Start completed.
2026-06-01T20:40:16.875Z  INFO 21497 --- [asignaturas] [           main] org.hibernate.orm.connections.pooling    : HHH10001005: Database info:
	Database JDBC URL [Connecting through datasource 'HikariDataSource (HikariPool-1)']
	Database driver: undefined/unknown
	Database version: 8.0.45
	Autocommit mode: undefined/unknown
	Isolation level: undefined/unknown
	Minimum pool size: undefined/unknown
	Maximum pool size: undefined/unknown
2026-06-01T20:40:18.604Z  INFO 21497 --- [asignaturas] [           main] o.h.e.t.j.p.i.JtaPlatformInitiator       : HHH000489: No JTA platform available (set 'hibernate.transaction.jta.platform' to enable JTA platform integration)
2026-06-01T20:40:18.802Z  INFO 21497 --- [asignaturas] [           main] j.LocalContainerEntityManagerFactoryBean : Initialized JPA EntityManagerFactory for persistence unit 'default'
2026-06-01T20:40:19.698Z  WARN 21497 --- [asignaturas] [           main] JpaBaseConfiguration$JpaWebConfiguration : spring.jpa.open-in-view is enabled by default. Therefore, database queries may be performed during view rendering. Explicitly configure spring.jpa.open-in-view to disable this warning
2026-06-01T20:40:21.072Z  INFO 21497 --- [asignaturas] [           main] o.s.b.w.embedded.tomcat.TomcatWebServer  : Tomcat started on port 8080 (http) with context path '/'
2026-06-01T20:40:21.098Z  INFO 21497 --- [asignaturas] [           main] c.d.asignaturas.AsignaturasApplication   : Started AsignaturasApplication in 12.353 seconds (process running for 13.791)
2026-06-01T20:41:47.835Z  INFO 21497 --- [asignaturas] [nio-8080-exec-1] o.a.c.c.C.[Tomcat].[localhost].[/]       : Initializing Spring DispatcherServlet 'dispatcherServlet'
2026-06-01T20:41:47.835Z  INFO 21497 --- [asignaturas] [nio-8080-exec-1] o.s.web.servlet.DispatcherServlet        : Initializing Servlet 'dispatcherServlet'
2026-06-01T20:41:47.846Z  INFO 21497 --- [asignaturas] [nio-8080-exec-1] o.s.web.servlet.DispatcherServlet        : Completed initialization in 11 ms
Hibernate: select am1_0.id,am1_0.creditos,am1_0.nombre,am1_0.sigla from asignaturas am1_0
Hibernate: select am1_0.id,am1_0.creditos,am1_0.nombre,am1_0.sigla from asignaturas am1_0
Hibernate: select am1_0.id,am1_0.creditos,am1_0.nombre,am1_0.sigla from asignaturas am1_0
Hibernate: select am1_0.id,am1_0.creditos,am1_0.nombre,am1_0.sigla from asignaturas am1_0
